Running: /opt/Xilinx/14.7/ISE_DS/ISE/bin/lin64/unwrapped/fuse -intstyle ise -incremental -lib secureip -o /home/youknowwho/Desktop/LightNN/LightNN/mult_t_isim_beh.exe -prj /home/youknowwho/Desktop/LightNN/LightNN/mult_t_beh.prj work.mult_t 
ISim P.20131013 (signature 0xfbc00daa)
Number of CPUs detected in this system: 4
Turning on mult-threading, number of parallel sub-compilation jobs: 8 
Determining compilation order of HDL files
Parsing VHDL file "/home/youknowwho/Desktop/LightNN/LightNN/shift_unit.vhd" into library work
Parsing VHDL file "/home/youknowwho/Desktop/LightNN/LightNN/shift_mult.vhd" into library work
Parsing VHDL file "/home/youknowwho/Desktop/LightNN/LightNN/mult_t.vhd" into library work
Starting static elaboration
Completed static elaboration
Fuse Memory Usage: 98128 KB
Fuse CPU Usage: 1450 ms
Compiling package standard
Compiling package std_logic_1164
Compiling package numeric_std
Compiling package std_logic_arith
Compiling package std_logic_unsigned
Compiling architecture behavioral of entity shift_unit [shift_unit_default]
Compiling architecture behavioral of entity shift_mult [shift_mult_default]
Compiling architecture behavior of entity mult_t
Time Resolution for simulation is 1ps.
Compiled 10 VHDL Units
Built simulation executable /home/youknowwho/Desktop/LightNN/LightNN/mult_t_isim_beh.exe
Fuse Memory Usage: 674080 KB
Fuse CPU Usage: 1620 ms
GCC CPU Usage: 3160 ms
